d:\code\srs-librtmp\vs2010\debug\vc140.pdb
d:\code\srs-librtmp\vs2010\debug\vc140.idb
d:\code\srs-librtmp\vs2010\debug\main.obj
d:\code\srs-librtmp\vs2010\debug\srs_librtmp.obj
d:\code\srs-librtmp\vs2010\debug\srs_core.obj
d:\code\srs-librtmp\vs2010\debug\srs_core_autofree.obj
d:\code\srs-librtmp\vs2010\debug\srs_core_mem_watch.obj
d:\code\srs-librtmp\vs2010\debug\srs_core_performance.obj
d:\code\srs-librtmp\vs2010\debug\srs_kernel_consts.obj
d:\code\srs-librtmp\vs2010\debug\srs_kernel_error.obj
d:\code\srs-librtmp\vs2010\debug\srs_lib_simple_socket.obj
d:\code\srs-librtmp\vs2010\debug\srs_kernel_aac.obj
d:\code\srs-librtmp\vs2010\debug\srs_kernel_buffer.obj
d:\code\srs-librtmp\vs2010\debug\srs_kernel_codec.obj
d:\code\srs-librtmp\vs2010\debug\srs_kernel_file.obj
d:\code\srs-librtmp\vs2010\debug\srs_kernel_flv.obj
d:\code\srs-librtmp\vs2010\debug\srs_kernel_log.obj
d:\code\srs-librtmp\vs2010\debug\srs_kernel_mp3.obj
d:\code\srs-librtmp\vs2010\debug\srs_kernel_stream.obj
d:\code\srs-librtmp\vs2010\debug\srs_kernel_ts.obj
d:\code\srs-librtmp\vs2010\debug\srs_kernel_utility.obj
d:\code\srs-librtmp\vs2010\debug\srs_lib_bandwidth.obj
d:\code\srs-librtmp\vs2010\debug\srs-librtmp.pdb
d:\code\srs-librtmp\vs2010\debug\srs-librtmp.tlog\cl.command.1.tlog
d:\code\srs-librtmp\vs2010\debug\srs-librtmp.tlog\cl.read.1.tlog
d:\code\srs-librtmp\vs2010\debug\srs-librtmp.tlog\cl.write.1.tlog
d:\code\srs-librtmp\vs2010\debug\srs-librtmp.tlog\link-cvtres.read.1.tlog
d:\code\srs-librtmp\vs2010\debug\srs-librtmp.tlog\link-cvtres.write.1.tlog
d:\code\srs-librtmp\vs2010\debug\srs-librtmp.tlog\link-rc.read.1.tlog
d:\code\srs-librtmp\vs2010\debug\srs-librtmp.tlog\link-rc.write.1.tlog
d:\code\srs-librtmp\vs2010\debug\srs-librtmp.tlog\link.command.1.tlog
d:\code\srs-librtmp\vs2010\debug\srs-librtmp.tlog\link.read.1.tlog
d:\code\srs-librtmp\vs2010\debug\srs-librtmp.tlog\link.write.1.tlog
